footprint all
dungeon
shalamar pre=8 try=0
ARENA shalamar rows 0..8 frames=180
ROW shalamar 0 00000004444444444444
ROW shalamar 1 00000000044444444440
ROW shalamar 2 00000004444444444444
ROW shalamar 3 00000066666666666666
ROW shalamar 4 00000006666666666666
ROW shalamar 5 00000005555555555555
ROW shalamar 6 00000005555555555555
ROW shalamar 7 00000000333300033330
ROW shalamar 8 00000000030000000300
ROW shalamar 9 00000000000000000000
ROW shalamar 10 00000000000000000000
ROW shalamar 11 00000000000000000000
ROW shalamar 12 00000000000000000000
ROW shalamar 13 00000000000000000000
ROW shalamar 14 00000000000000000000
ROW shalamar 15 00000000000000000000
ROW shalamar 16 00000000000000000000
ROW shalamar 17 00000000000000000000
riff pre=0 try=0
ARENA riff rows 0..17 frames=180
ROW riff 0 40444444444444444444
ROW riff 1 44444444444444444444
ROW riff 2 44444444444444444444
ROW riff 3 44444444444444444444
ROW riff 4 44444444444444444444
ROW riff 5 66666666666666666666
ROW riff 6 66666666666666666666
ROW riff 7 66666666666666666666
ROW riff 8 66666666666666666666
ROW riff 9 55555555555555555555
ROW riff 10 55555555555555555555
ROW riff 11 55555555555555555555
ROW riff 12 55555555555555555555
ROW riff 13 55555555555555555555
ROW riff 14 33333333333333333333
ROW riff 15 33333333333333333333
ROW riff 16 33333333333333333333
ROW riff 17 33333333333333333333
crystal_dragon pre=1 try=0
ARENA crystal_dragon rows 0..17 frames=180
ROW crystal_dragon 0 44444444444444444444
ROW crystal_dragon 1 44444444444444444444
ROW crystal_dragon 2 44444444444444444444
ROW crystal_dragon 3 44444444444444444444
ROW crystal_dragon 4 44444444444444444444
ROW crystal_dragon 5 66666666666666666666
ROW crystal_dragon 6 66666666666666666666
ROW crystal_dragon 7 66666666666666666666
ROW crystal_dragon 8 66666666666666666666
ROW crystal_dragon 9 55555555555555555555
ROW crystal_dragon 10 55555555555555555555
ROW crystal_dragon 11 55555555555555555555
ROW crystal_dragon 12 55555555555555555555
ROW crystal_dragon 13 55555555555555555555
ROW crystal_dragon 14 33333333333333333333
ROW crystal_dragon 15 33333333333333333003
ROW crystal_dragon 16 33333333333333330000
ROW crystal_dragon 17 33333333333333300000
cameo pre=2 try=0
ARENA cameo rows 0..17 frames=147
ROW cameo 0 44444444444444444444
ROW cameo 1 44444444444444444444
ROW cameo 2 44444444444444444444
ROW cameo 3 44444444444444444444
ROW cameo 4 44444444444444444444
ROW cameo 5 66666606666666666666
ROW cameo 6 66666066666666666666
ROW cameo 7 66666666666666666666
ROW cameo 8 66666666666666666666
ROW cameo 9 55555555555555555555
ROW cameo 10 55555555555555555555
ROW cameo 11 55555555555555555555
ROW cameo 12 55555555555555555555
ROW cameo 13 55555555555555555555
ROW cameo 14 33333333333333333333
ROW cameo 15 33333333333333333333
ROW cameo 16 33333333333333333333
ROW cameo 17 33333333333333333333
ted pre=3 try=0
ted: NO FOOTPRINT
troop pre=4 try=0
ARENA troop rows 0..17 frames=132
ROW troop 0 04044444444444444404
ROW troop 1 44444444444444444444
ROW troop 2 04444444444444444404
ROW troop 3 44444444444444444444
ROW troop 4 04044444444444440404
ROW troop 5 66666666666666666666
ROW troop 6 06066666666666660606
ROW troop 7 66666666666666666666
ROW troop 8 06066666666666060606
ROW troop 9 55555555555555555555
ROW troop 10 05050505555555050505
ROW troop 11 55555555555555555555
ROW troop 12 05050505050505050505
ROW troop 13 55555555555555555555
ROW troop 14 03030303030303030303
ROW troop 15 33333333333333333333
ROW troop 16 03030303030303030303
ROW troop 17 33333333333333333333
faze pre=5 try=0
faze pre=5 try=1
faze pre=5 try=2
faze pre=5 try=3
faze pre=5 try=4
faze pre=5 try=5
faze pre=5 try=6
faze pre=5 try=7
faze giveup
angela pre=6 try=0
angela pre=6 try=1
angela pre=6 try=2
angela pre=6 try=3
angela pre=6 try=4
