ARENA shalamar rows 0..17 frames=180 (modal-attr posmap)
ROW shalamar 0 00000444444444400000
ROW shalamar 1 00000444444444400000
ROW shalamar 2 00000011111111000000
ROW shalamar 3 00000011111111000000
ROW shalamar 4 00000551111550000000
ROW shalamar 5 00000551111550000000
ROW shalamar 6 00000551111550000000
ROW shalamar 7 00000551111550000000
ROW shalamar 8 00000555555550000000
ROW shalamar 9 00000055555500000000
ROW shalamar 10 00000055555500000000
ROW shalamar 11 00000005555000000000
ROW shalamar 12 00000000000000000000
ROW shalamar 13 00000000000000000000
ROW shalamar 14 00000000000000000000
ROW shalamar 15 00000000000000000000
ROW shalamar 16 00000000000000000000
ROW shalamar 17 00000000000000000000
DONE shalamar
ARENA riff rows 0..17 frames=180 (modal-attr posmap)
ROW riff 0 00330333333333303330
ROW riff 1 33333333333333333333
ROW riff 2 33333333333333333333
ROW riff 3 33333333333333333333
ROW riff 4 33333333333333333333
ROW riff 5 33333333333333333333
ROW riff 6 33333333333333333333
ROW riff 7 33333333333333333333
ROW riff 8 33333333333333333333
ROW riff 9 33333333333333333333
ROW riff 10 33333333333333333333
ROW riff 11 33333333333333333333
ROW riff 12 33303333333333330303
ROW riff 13 03333333333333333330
ROW riff 14 00330303300330303300
ROW riff 15 00003003300330030000
ROW riff 16 00000000000000000000
ROW riff 17 00000000000000000000
DONE riff
ARENA crystal_dragon rows 0..17 frames=180 (modal-attr posmap)
ROW crystal_dragon 0 04444444444444444440
ROW crystal_dragon 1 44444444444444444444
ROW crystal_dragon 2 44444444444444444444
ROW crystal_dragon 3 44444444444444440400
ROW crystal_dragon 4 44444444444444400004
ROW crystal_dragon 5 44444444444444440004
ROW crystal_dragon 6 44444444444444440004
ROW crystal_dragon 7 44444444000004004444
ROW crystal_dragon 8 44444000000000044444
ROW crystal_dragon 9 44444000000000044444
ROW crystal_dragon 10 44444000044000044444
ROW crystal_dragon 11 44444444444444444444
ROW crystal_dragon 12 44444444444444444444
ROW crystal_dragon 13 44444444444444444444
ROW crystal_dragon 14 44444444444444444444
ROW crystal_dragon 15 44444444444444444004
ROW crystal_dragon 16 44444444444444440000
ROW crystal_dragon 17 00044444444444400000
DONE crystal_dragon
ARENA cameo rows 0..17 frames=110 (modal-attr posmap)
ROW cameo 0 00000000000000000000
ROW cameo 1 00000000011111100000
ROW cameo 2 00000000111111110000
ROW cameo 3 00000001111111111000
ROW cameo 4 00000001111111111000
ROW cameo 5 00000001111111111000
ROW cameo 6 00000011111111111100
ROW cameo 7 00000111111111111100
ROW cameo 8 00000111111111111000
ROW cameo 9 00000011111111110000
ROW cameo 10 00000011111111110000
ROW cameo 11 00000001111111110000
ROW cameo 12 00000001111111110000
ROW cameo 13 00000001111111000000
ROW cameo 14 00000000011110000000
ROW cameo 15 00000000000000000000
ROW cameo 16 00000000000000000000
ROW cameo 17 00000000000000000000
DONE cameo
ARENA troop rows 0..17 frames=131 (modal-attr posmap)
ROW troop 0 00077777777777777000
ROW troop 1 00777777777777777700
ROW troop 2 00777777777777777700
ROW troop 3 00777777777777777700
ROW troop 4 00007777777777700000
ROW troop 5 00000077777777700000
ROW troop 6 00007777777777700000
ROW troop 7 00007777777777700000
ROW troop 8 00007777777777000000
ROW troop 9 00000077777777000000
ROW troop 10 00000007777770000000
ROW troop 11 00000000000000000000
ROW troop 12 00000000000000000000
ROW troop 13 00000000000000000000
ROW troop 14 00000000000000000000
ROW troop 15 00000000000000000000
ROW troop 16 00000000000000000000
ROW troop 17 00000000000000000000
DONE troop
ARENA ted rows 0..17 frames=180 (modal-attr posmap)
ROW ted 0 00000000000000000000
ROW ted 1 00000000000000000000
ROW ted 2 00000000000000000000
ROW ted 3 00000000011000000000
ROW ted 4 00000000010111111000
ROW ted 5 00000000001111111100
ROW ted 6 00000000101111111100
ROW ted 7 00000000111111111100
ROW ted 8 00000000101111111100
ROW ted 9 00000000111111111110
ROW ted 10 00000000011111111110
ROW ted 11 00000000111111111110
ROW ted 12 00000000111111111110
ROW ted 13 00000000111111111110
ROW ted 14 00000000011111111110
ROW ted 15 00000000001111111100
ROW ted 16 00000000000011111100
ROW ted 17 00000000000001111000
DONE ted
ARENA faze rows 0..17 frames=180 (modal-attr posmap)
ROW faze 0 22000000000000000000
ROW faze 1 22000000000000000000
ROW faze 2 22000000000000002000
ROW faze 3 00000000022222222000
ROW faze 4 00000000022222220000
ROW faze 5 00000022222222222200
ROW faze 6 00000022222222222200
ROW faze 7 00000022222222222200
ROW faze 8 00000022222222222200
ROW faze 9 00000022222222202200
ROW faze 10 00000222222222222220
ROW faze 11 00002222222222222222
ROW faze 12 20002222222222222222
ROW faze 13 20002222222222222222
ROW faze 14 20000000000022222200
ROW faze 15 00000000000000000000
ROW faze 16 00000000000000000000
ROW faze 17 00000000000000000000
DONE faze
ARENA angela rows 0..17 frames=180 (modal-attr posmap)
ROW angela 0 00000222022220222200
ROW angela 1 00002222222222222200
ROW angela 2 00002222222222222200
ROW angela 3 00002222222222222200
ROW angela 4 02222222222222222222
ROW angela 5 02222222222222222222
ROW angela 6 02002222222222222202
ROW angela 7 00077777777777777770
ROW angela 8 02277227777777722772
ROW angela 9 02277777777777777772
ROW angela 10 02077777722227777772
ROW angela 11 00077777777777777770
ROW angela 12 00077777777777777770
ROW angela 13 00077777777777777770
ROW angela 14 00077777700007777770
ROW angela 15 00077700000000007770
ROW angela 16 00007770000000077000
ROW angela 17 00000777000000777000
DONE angela
ARENA penta_dragon rows 0..17 frames=180 (modal-attr posmap)
ROW penta_dragon 0 00044444444444444000
ROW penta_dragon 1 44444444444444444444
ROW penta_dragon 2 44444444444444444444
ROW penta_dragon 3 04444444444444444440
ROW penta_dragon 4 01111111111111111110
ROW penta_dragon 5 01111111111111111110
ROW penta_dragon 6 00000111111111100000
ROW penta_dragon 7 00000055555555000000
ROW penta_dragon 8 00000000555550000000
ROW penta_dragon 9 00000000555550000000
ROW penta_dragon 10 00000000333330000000
ROW penta_dragon 11 00000000003333300000
ROW penta_dragon 12 00000000033333333000
ROW penta_dragon 13 00000000000330333300
ROW penta_dragon 14 00000000000000000000
ROW penta_dragon 15 00000000000000000000
ROW penta_dragon 16 00000000000000000000
ROW penta_dragon 17 00000000000000000000
DONE penta_dragon
